  [1m[35m (6.8ms)[0m  [1m[35mCREATE DATABASE `training_development` DEFAULT CHARACTER SET `utf8mb4`[0m
  [1m[35m (1.0ms)[0m  [1m[35mCREATE DATABASE `training_test` DEFAULT CHARACTER SET `utf8mb4`[0m
  [1m[35m (0.3ms)[0m  [1m[34mSELECT @@innodb_file_per_table = 1 AND @@innodb_file_format = 'Barracuda'[0m
  [1m[35m (33.0ms)[0m  [1m[35mCREATE TABLE `schema_migrations` (`version` varchar(255) COLLATE utf8_general_ci NOT NULL PRIMARY KEY)[0m
  [1m[35m (24.1ms)[0m  [1m[35mCREATE TABLE `ar_internal_metadata` (`key` varchar(255) COLLATE utf8_general_ci NOT NULL PRIMARY KEY, `value` varchar(255), `created_at` datetime(6) NOT NULL, `updated_at` datetime(6) NOT NULL)[0m
  [1m[35m (0.2ms)[0m  [1m[34mSELECT GET_LOCK('3470622141901363785', 0)[0m
  [1m[35m (1.0ms)[0m  [1m[34mSELECT `schema_migrations`.`version` FROM `schema_migrations` ORDER BY `schema_migrations`.`version` ASC[0m
Migrating to CreatePlans (20200414072724)
  [1m[35m (27.4ms)[0m  [1m[35mCREATE TABLE `plans` (`id` bigint NOT NULL AUTO_INCREMENT PRIMARY KEY, `plan` varchar(255), `date` date, `created_at` datetime(6) NOT NULL, `updated_at` datetime(6) NOT NULL)[0m
  [1m[35m (0.2ms)[0m  [1m[35mBEGIN[0m
  [1m[36mActiveRecord::SchemaMigration Create (0.4ms)[0m  [1m[32mINSERT INTO `schema_migrations` (`version`) VALUES ('20200414072724')[0m
  [1m[35m (0.6ms)[0m  [1m[35mCOMMIT[0m
  [1m[36mActiveRecord::InternalMetadata Load (0.5ms)[0m  [1m[34mSELECT `ar_internal_metadata`.* FROM `ar_internal_metadata` WHERE `ar_internal_metadata`.`key` = 'environment' LIMIT 1[0m
  [1m[35m (0.1ms)[0m  [1m[35mBEGIN[0m
  [1m[36mActiveRecord::InternalMetadata Create (0.5ms)[0m  [1m[32mINSERT INTO `ar_internal_metadata` (`key`, `value`, `created_at`, `updated_at`) VALUES ('environment', 'development', '2021-09-15 03:24:40.175868', '2021-09-15 03:24:40.175868')[0m
  [1m[35m (0.3ms)[0m  [1m[35mCOMMIT[0m
  [1m[35m (0.3ms)[0m  [1m[34mSELECT RELEASE_LOCK('3470622141901363785')[0m
  [1m[35m (0.6ms)[0m  [1m[34mSELECT `schema_migrations`.`version` FROM `schema_migrations` ORDER BY `schema_migrations`.`version` ASC[0m
Started GET "/" for ::1 at 2021-09-15 12:25:38 +0900
  [1m[35m (0.3ms)[0m  [1m[34mSELECT `schema_migrations`.`version` FROM `schema_migrations` ORDER BY `schema_migrations`.`version` ASC[0m
Processing by CalendarsController#index as HTML
  [1m[36mPlan Load (7.9ms)[0m  [1m[34mSELECT `plans`.* FROM `plans` WHERE `plans`.`date` BETWEEN '2021-09-15' AND '2021-09-21'[0m
  ↳ app/controllers/calendars_controller.rb:34:in `block in getWeek'
  Rendering calendars/index.html.erb within layouts/application
  Rendered calendars/index.html.erb within layouts/application (Duration: 12.5ms | Allocations: 5970)
[Webpacker] Compiling...
[Webpacker] Compiled all packs in /Users/kohei/projects/training_curriculum/public/packs
[Webpacker] Though the "loose" option was set to "false" in your @babel/preset-env config, it will not be used for @babel/plugin-proposal-private-property-in-object since the "loose" mode option was set to "true" for @babel/plugin-proposal-class-properties.
The "loose" option must be the same for @babel/plugin-proposal-class-properties, @babel/plugin-proposal-private-methods and @babel/plugin-proposal-private-property-in-object (when they are enabled): you can silence this warning by explicitly adding
	["@babel/plugin-proposal-private-property-in-object", { "loose": true }]
to the "plugins" section of your Babel config.
Though the "loose" option was set to "false" in your @babel/preset-env config, it will not be used for @babel/plugin-proposal-private-methods since the "loose" mode option was set to "true" for @babel/plugin-proposal-private-property-in-object.
The "loose" option must be the same for @babel/plugin-proposal-class-properties, @babel/plugin-proposal-private-methods and @babel/plugin-proposal-private-property-in-object (when they are enabled): you can silence this warning by explicitly adding
	["@babel/plugin-proposal-private-methods", { "loose": true }]
to the "plugins" section of your Babel config.
Though the "loose" option was set to "false" in your @babel/preset-env config, it will not be used for @babel/plugin-proposal-private-property-in-object since the "loose" mode option was set to "true" for @babel/plugin-proposal-class-properties.
The "loose" option must be the same for @babel/plugin-proposal-class-properties, @babel/plugin-proposal-private-methods and @babel/plugin-proposal-private-property-in-object (when they are enabled): you can silence this warning by explicitly adding
	["@babel/plugin-proposal-private-property-in-object", { "loose": true }]
to the "plugins" section of your Babel config.
Though the "loose" option was set to "false" in your @babel/preset-env config, it will not be used for @babel/plugin-proposal-private-methods since the "loose" mode option was set to "true" for @babel/plugin-proposal-private-property-in-object.
The "loose" option must be the same for @babel/plugin-proposal-class-properties, @babel/plugin-proposal-private-methods and @babel/plugin-proposal-private-property-in-object (when they are enabled): you can silence this warning by explicitly adding
	["@babel/plugin-proposal-private-methods", { "loose": true }]
to the "plugins" section of your Babel config.
Though the "loose" option was set to "false" in your @babel/preset-env config, it will not be used for @babel/plugin-proposal-private-property-in-object since the "loose" mode option was set to "true" for @babel/plugin-proposal-class-properties.
The "loose" option must be the same for @babel/plugin-proposal-class-properties, @babel/plugin-proposal-private-methods and @babel/plugin-proposal-private-property-in-object (when they are enabled): you can silence this warning by explicitly adding
	["@babel/plugin-proposal-private-property-in-object", { "loose": true }]
to the "plugins" section of your Babel config.
Though the "loose" option was set to "false" in your @babel/preset-env config, it will not be used for @babel/plugin-proposal-private-methods since the "loose" mode option was set to "true" for @babel/plugin-proposal-private-property-in-object.
The "loose" option must be the same for @babel/plugin-proposal-class-properties, @babel/plugin-proposal-private-methods and @babel/plugin-proposal-private-property-in-object (when they are enabled): you can silence this warning by explicitly adding
	["@babel/plugin-proposal-private-methods", { "loose": true }]
to the "plugins" section of your Babel config.
Though the "loose" option was set to "false" in your @babel/preset-env config, it will not be used for @babel/plugin-proposal-private-property-in-object since the "loose" mode option was set to "true" for @babel/plugin-proposal-class-properties.
The "loose" option must be the same for @babel/plugin-proposal-class-properties, @babel/plugin-proposal-private-methods and @babel/plugin-proposal-private-property-in-object (when they are enabled): you can silence this warning by explicitly adding
	["@babel/plugin-proposal-private-property-in-object", { "loose": true }]
to the "plugins" section of your Babel config.
Though the "loose" option was set to "false" in your @babel/preset-env config, it will not be used for @babel/plugin-proposal-private-methods since the "loose" mode option was set to "true" for @babel/plugin-proposal-private-property-in-object.
The "loose" option must be the same for @babel/plugin-proposal-class-properties, @babel/plugin-proposal-private-methods and @babel/plugin-proposal-private-property-in-object (when they are enabled): you can silence this warning by explicitly adding
	["@babel/plugin-proposal-private-methods", { "loose": true }]
to the "plugins" section of your Babel config.
Though the "loose" option was set to "false" in your @babel/preset-env config, it will not be used for @babel/plugin-proposal-private-property-in-object since the "loose" mode option was set to "true" for @babel/plugin-proposal-class-properties.
The "loose" option must be the same for @babel/plugin-proposal-class-properties, @babel/plugin-proposal-private-methods and @babel/plugin-proposal-private-property-in-object (when they are enabled): you can silence this warning by explicitly adding
	["@babel/plugin-proposal-private-property-in-object", { "loose": true }]
to the "plugins" section of your Babel config.
Though the "loose" option was set to "false" in your @babel/preset-env config, it will not be used for @babel/plugin-proposal-private-methods since the "loose" mode option was set to "true" for @babel/plugin-proposal-private-property-in-object.
The "loose" option must be the same for @babel/plugin-proposal-class-properties, @babel/plugin-proposal-private-methods and @babel/plugin-proposal-private-property-in-object (when they are enabled): you can silence this warning by explicitly adding
	["@babel/plugin-proposal-private-methods", { "loose": true }]
to the "plugins" section of your Babel config.
Though the "loose" option was set to "false" in your @babel/preset-env config, it will not be used for @babel/plugin-proposal-private-property-in-object since the "loose" mode option was set to "true" for @babel/plugin-proposal-class-properties.
The "loose" option must be the same for @babel/plugin-proposal-class-properties, @babel/plugin-proposal-private-methods and @babel/plugin-proposal-private-property-in-object (when they are enabled): you can silence this warning by explicitly adding
	["@babel/plugin-proposal-private-property-in-object", { "loose": true }]
to the "plugins" section of your Babel config.
Though the "loose" option was set to "false" in your @babel/preset-env config, it will not be used for @babel/plugin-proposal-private-methods since the "loose" mode option was set to "true" for @babel/plugin-proposal-private-property-in-object.
The "loose" option must be the same for @babel/plugin-proposal-class-properties, @babel/plugin-proposal-private-methods and @babel/plugin-proposal-private-property-in-object (when they are enabled): you can silence this warning by explicitly adding
	["@babel/plugin-proposal-private-methods", { "loose": true }]
to the "plugins" section of your Babel config.

[Webpacker] Hash: bdff1afdfbe7c189d484
Version: webpack 4.46.0
Time: 1379ms
Built at: 2021/09/15 12:25:41
                                     Asset       Size       Chunks                         Chunk Names
    js/application-a860ea931ce4c057e219.js    124 KiB  application  [emitted] [immutable]  application
js/application-a860ea931ce4c057e219.js.map    139 KiB  application  [emitted] [dev]        application
                             manifest.json  364 bytes               [emitted]              
Entrypoint application = js/application-a860ea931ce4c057e219.js js/application-a860ea931ce4c057e219.js.map
[./app/javascript/channels sync recursive _channel\.js$] ./app/javascript/channels sync _channel\.js$ 160 bytes {application} [built]
[./app/javascript/channels/index.js] 211 bytes {application} [built]
[./app/javascript/packs/application.js] 749 bytes {application} [built]
[./node_modules/webpack/buildin/module.js] (webpack)/buildin/module.js 552 bytes {application} [built]
    + 3 hidden modules

Completed 200 OK in 3047ms (Views: 3022.4ms | ActiveRecord: 11.3ms | Allocations: 57875)


Started GET "/" for ::1 at 2021-09-15 12:45:28 +0900
Processing by CalendarsController#index as HTML
  [1m[36mPlan Load (0.5ms)[0m  [1m[34mSELECT `plans`.* FROM `plans` WHERE `plans`.`date` BETWEEN '2021-09-15' AND '2021-09-21'[0m
  ↳ app/controllers/calendars_controller.rb:34:in `block in get_week'
  Rendering calendars/index.html.erb within layouts/application
  Rendered calendars/index.html.erb within layouts/application (Duration: 1.2ms | Allocations: 706)
[Webpacker] Everything's up-to-date. Nothing to do
Completed 200 OK in 16ms (Views: 10.7ms | ActiveRecord: 0.5ms | Allocations: 9391)


Started GET "/" for ::1 at 2021-09-15 12:45:29 +0900
Processing by CalendarsController#index as HTML
  [1m[36mPlan Load (0.8ms)[0m  [1m[34mSELECT `plans`.* FROM `plans` WHERE `plans`.`date` BETWEEN '2021-09-15' AND '2021-09-21'[0m
  ↳ app/controllers/calendars_controller.rb:34:in `block in get_week'
  Rendering calendars/index.html.erb within layouts/application
  Rendered calendars/index.html.erb within layouts/application (Duration: 2.6ms | Allocations: 635)
[Webpacker] Everything's up-to-date. Nothing to do
Completed 200 OK in 19ms (Views: 13.1ms | ActiveRecord: 0.8ms | Allocations: 5342)


Started GET "/" for ::1 at 2021-09-15 12:45:30 +0900
Processing by CalendarsController#index as HTML
  [1m[36mPlan Load (0.7ms)[0m  [1m[34mSELECT `plans`.* FROM `plans` WHERE `plans`.`date` BETWEEN '2021-09-15' AND '2021-09-21'[0m
  ↳ app/controllers/calendars_controller.rb:34:in `block in get_week'
  Rendering calendars/index.html.erb within layouts/application
  Rendered calendars/index.html.erb within layouts/application (Duration: 2.3ms | Allocations: 634)
[Webpacker] Everything's up-to-date. Nothing to do
Completed 200 OK in 21ms (Views: 16.1ms | ActiveRecord: 0.7ms | Allocations: 5329)


Started GET "/" for ::1 at 2021-09-15 12:45:30 +0900
Processing by CalendarsController#index as HTML
  [1m[36mPlan Load (0.5ms)[0m  [1m[34mSELECT `plans`.* FROM `plans` WHERE `plans`.`date` BETWEEN '2021-09-15' AND '2021-09-21'[0m
  ↳ app/controllers/calendars_controller.rb:34:in `block in get_week'
  Rendering calendars/index.html.erb within layouts/application
  Rendered calendars/index.html.erb within layouts/application (Duration: 3.4ms | Allocations: 635)
[Webpacker] Everything's up-to-date. Nothing to do
Completed 200 OK in 21ms (Views: 17.3ms | ActiveRecord: 0.5ms | Allocations: 5344)


Started GET "/" for ::1 at 2021-09-15 12:45:31 +0900
Processing by CalendarsController#index as HTML
  [1m[36mPlan Load (0.6ms)[0m  [1m[34mSELECT `plans`.* FROM `plans` WHERE `plans`.`date` BETWEEN '2021-09-15' AND '2021-09-21'[0m
  ↳ app/controllers/calendars_controller.rb:34:in `block in get_week'
  Rendering calendars/index.html.erb within layouts/application
  Rendered calendars/index.html.erb within layouts/application (Duration: 3.9ms | Allocations: 635)
[Webpacker] Everything's up-to-date. Nothing to do
Completed 200 OK in 21ms (Views: 16.9ms | ActiveRecord: 0.6ms | Allocations: 5349)


Started GET "/" for ::1 at 2021-09-15 14:01:35 +0900
Processing by CalendarsController#index as HTML
  [1m[36mPlan Load (9.9ms)[0m  [1m[34mSELECT `plans`.* FROM `plans` WHERE `plans`.`date` BETWEEN '2021-09-15' AND '2021-09-21'[0m
  ↳ app/controllers/calendars_controller.rb:34:in `block in get_week'
  Rendering calendars/index.html.erb within layouts/application
  Rendered calendars/index.html.erb within layouts/application (Duration: 8.6ms | Allocations: 1029)
[Webpacker] Everything's up-to-date. Nothing to do
Completed 200 OK in 54ms (Views: 26.7ms | ActiveRecord: 9.9ms | Allocations: 6659)


Started GET "/" for ::1 at 2021-09-15 14:01:36 +0900
Processing by CalendarsController#index as HTML
  [1m[36mPlan Load (0.5ms)[0m  [1m[34mSELECT `plans`.* FROM `plans` WHERE `plans`.`date` BETWEEN '2021-09-15' AND '2021-09-21'[0m
  ↳ app/controllers/calendars_controller.rb:34:in `block in get_week'
  Rendering calendars/index.html.erb within layouts/application
  Rendered calendars/index.html.erb within layouts/application (Duration: 2.2ms | Allocations: 639)
[Webpacker] Everything's up-to-date. Nothing to do
Completed 200 OK in 21ms (Views: 16.7ms | ActiveRecord: 0.5ms | Allocations: 5329)


Started GET "/" for ::1 at 2021-09-15 14:10:38 +0900
Processing by CalendarsController#index as HTML
  [1m[36mPlan Load (0.8ms)[0m  [1m[34mSELECT `plans`.* FROM `plans` WHERE `plans`.`date` BETWEEN '2021-09-15' AND '2021-09-21'[0m
  ↳ app/controllers/calendars_controller.rb:34:in `block in get_week'
  Rendering calendars/index.html.erb within layouts/application
  Rendered calendars/index.html.erb within layouts/application (Duration: 3.6ms | Allocations: 1009)
[Webpacker] Everything's up-to-date. Nothing to do
Completed 200 OK in 26ms (Views: 20.8ms | ActiveRecord: 0.8ms | Allocations: 6623)


Started GET "/" for ::1 at 2021-09-15 14:17:48 +0900
Processing by CalendarsController#index as HTML
  [1m[36mPlan Load (0.5ms)[0m  [1m[34mSELECT `plans`.* FROM `plans` WHERE `plans`.`date` BETWEEN '2021-09-15' AND '2021-09-21'[0m
  ↳ app/controllers/calendars_controller.rb:34:in `block in get_week'
  Rendering calendars/index.html.erb within layouts/application
  Rendered calendars/index.html.erb within layouts/application (Duration: 4.3ms | Allocations: 1010)
[Webpacker] Everything's up-to-date. Nothing to do
Completed 200 OK in 40ms (Views: 19.8ms | ActiveRecord: 0.5ms | Allocations: 6626)


Started GET "/" for ::1 at 2021-09-15 14:17:49 +0900
Processing by CalendarsController#index as HTML
  [1m[36mPlan Load (0.8ms)[0m  [1m[34mSELECT `plans`.* FROM `plans` WHERE `plans`.`date` BETWEEN '2021-09-15' AND '2021-09-21'[0m
  ↳ app/controllers/calendars_controller.rb:34:in `block in get_week'
  Rendering calendars/index.html.erb within layouts/application
  Rendered calendars/index.html.erb within layouts/application (Duration: 2.5ms | Allocations: 639)
[Webpacker] Everything's up-to-date. Nothing to do
Completed 200 OK in 26ms (Views: 20.5ms | ActiveRecord: 0.8ms | Allocations: 11223)


